<?xml version="1.0" encoding="UTF-8"?>
<!-- Generated by org.testng.reporters.JUnitReportReporter -->
<testsuite skipped="0" hostname="Cnu" name="TestNG.TestNGMain" tests="6" failures="0" timestamp="27 Sep 2022 12:12:40 GMT" time="60.813" errors="0">
  <testcase name="Vehicleassment" time="5.838" classname="TestNG.TestNGMain"/>
  <testcase name="Angulardropdownhandling" time="5.209" classname="TestNG.TestNGMain"/>
  <testcase name="Amazonsearfirstchelement" time="26.457" classname="TestNG.TestNGMain"/>
  <testcase name="Dropdownshandling" time="6.082" classname="TestNG.TestNGMain"/>
  <testcase name="Myntraapp" time="9.994" classname="TestNG.TestNGMain"/>
  <testcase name="Handlealertpopups" time="7.233" classname="TestNG.TestNGMain"/>
</testsuite> <!-- TestNG.TestNGMain -->
