<?xml version="1.0" encoding="UTF-8"?>
<!-- Generated by org.testng.reporters.JUnitReportReporter -->
<testsuite skipped="0" hostname="Cnu" name="FileHandling.Readdata" tests="4" failures="0" timestamp="27 Sep 2022 12:12:40 GMT" time="0.011" errors="0">
  <testcase name="Readtextusingbuff" time="0.003" classname="FileHandling.Readdata"/>
  <testcase name="Textfileread" time="0.003" classname="FileHandling.Readdata"/>
  <testcase name="Writedatausingfilewiter" time="0.003" classname="FileHandling.Readdata"/>
  <testcase name="Writedatausingbufferwiter" time="0.002" classname="FileHandling.Readdata"/>
</testsuite> <!-- FileHandling.Readdata -->
